<?xml version="1.0" encoding="UTF-8"?>
<!-- Generated by org.testng.reporters.JUnitXMLReporter -->
<testsuite ignored="1" hostname="SID-6QWBWT2" failures="0" tests="2" name="Car" time="0.007" errors="0" timestamp="2022-10-25T13:13:54 IST">
  <testcase classname="loan.CarLoan" name="apiCarLoan" time="0.002"/>
  <testcase classname="loan.CarLoan" name="webCarLoan" time="0.002"/>
  <testcase classname="loan.CarLoan" name="mobileCarLoan" time="0.0">
    <ignored/>
  </testcase> <!-- mobileCarLoan -->
</testsuite> <!-- Car -->
