<?xml version="1.0" encoding="UTF-8"?>
<!-- Generated by org.testng.reporters.JUnitXMLReporter -->
<testsuite ignored="1" hostname="SID-6QWBWT2" failures="0" tests="2" name="Education" time="0.009" errors="0" timestamp="2022-10-25T13:13:54 IST">
  <testcase classname="loan.EducationLoan" name="apiEduLoan" time="0.002"/>
  <testcase classname="loan.EducationLoan" name="webEduLoan" time="0.001"/>
  <testcase classname="loan.EducationLoan" name="mobileEduLoan" time="0.0">
    <ignored/>
  </testcase> <!-- mobileEduLoan -->
</testsuite> <!-- Education -->
