<?xml version="1.0" encoding="UTF-8"?>
<!-- Generated by org.testng.reporters.JUnitXMLReporter -->
<testsuite ignored="1" hostname="SID-6QWBWT2" failures="0" tests="2" name="Home" time="0.049" errors="0" timestamp="2022-10-25T13:13:53 IST">
  <testcase classname="loan.HomeLoan" name="apiHomeLoan" time="0.008"/>
  <testcase classname="loan.HomeLoan" name="webHomeLoan" time="0.001"/>
  <testcase classname="loan.HomeLoan" name="mobileHomeLoan" time="0.0">
    <ignored/>
  </testcase> <!-- mobileHomeLoan -->
</testsuite> <!-- Home -->
