<?xml version="1.0" encoding="UTF-8"?>
<!-- Generated by org.testng.reporters.JUnitXMLReporter -->
<testsuite ignored="0" hostname="SID-6QWBWT2" failures="0" tests="4" name="Test" time="0.06" errors="0" timestamp="2022-10-21T09:22:38 IST">
  <testcase classname="test.basic" name="demo" time="0.009"/>
  <testcase classname="test.basic" name="demo2" time="0.002"/>
  <testcase classname="test.basic2" name="demo3" time="0.001"/>
  <testcase classname="test.basic2" name="demo4" time="0.001"/>
</testsuite> <!-- Test -->
