<?xml version="1.0" encoding="UTF-8"?>
<testng-results ignored="3" total="9" passed="6" failed="0" skipped="0">
  <reporter-output>
  </reporter-output>
  <suite started-at="2022-10-25T13:13:53 IST" name="Suite" finished-at="2022-10-25T13:13:54 IST" duration-ms="177">
    <groups>
    </groups>
    <test started-at="2022-10-25T13:13:53 IST" name="Home" finished-at="2022-10-25T13:13:53 IST" duration-ms="49">
      <class name="loan.HomeLoan">
        <test-method signature="apiHomeLoan()[pri:0, instance:loan.HomeLoan@2cdd0d4b]" started-at="2022-10-25T13:13:53 IST" name="apiHomeLoan" finished-at="2022-10-25T13:13:53 IST" duration-ms="8" status="PASS">
          <reporter-output>
          </reporter-output>
        </test-method> <!-- apiHomeLoan -->
        <test-method signature="webHomeLoan()[pri:0, instance:loan.HomeLoan@2cdd0d4b]" started-at="2022-10-25T13:13:53 IST" name="webHomeLoan" finished-at="2022-10-25T13:13:53 IST" duration-ms="1" status="PASS">
          <reporter-output>
          </reporter-output>
        </test-method> <!-- webHomeLoan -->
      </class> <!-- loan.HomeLoan -->
    </test> <!-- Home -->
    <test started-at="2022-10-25T13:13:54 IST" name="Car" finished-at="2022-10-25T13:13:54 IST" duration-ms="7">
      <class name="loan.CarLoan">
        <test-method signature="apiCarLoan()[pri:0, instance:loan.CarLoan@212b5695]" started-at="2022-10-25T13:13:54 IST" name="apiCarLoan" finished-at="2022-10-25T13:13:54 IST" duration-ms="2" status="PASS">
          <reporter-output>
          </reporter-output>
        </test-method> <!-- apiCarLoan -->
        <test-method signature="webCarLoan()[pri:0, instance:loan.CarLoan@212b5695]" started-at="2022-10-25T13:13:54 IST" name="webCarLoan" finished-at="2022-10-25T13:13:54 IST" duration-ms="2" status="PASS">
          <reporter-output>
          </reporter-output>
        </test-method> <!-- webCarLoan -->
      </class> <!-- loan.CarLoan -->
    </test> <!-- Car -->
    <test started-at="2022-10-25T13:13:54 IST" name="Education" finished-at="2022-10-25T13:13:54 IST" duration-ms="9">
      <class name="loan.EducationLoan">
        <test-method signature="apiEduLoan()[pri:0, instance:loan.EducationLoan@7ea9e1e2]" started-at="2022-10-25T13:13:54 IST" name="apiEduLoan" finished-at="2022-10-25T13:13:54 IST" duration-ms="2" status="PASS">
          <reporter-output>
          </reporter-output>
        </test-method> <!-- apiEduLoan -->
        <test-method signature="webEduLoan()[pri:0, instance:loan.EducationLoan@7ea9e1e2]" started-at="2022-10-25T13:13:54 IST" name="webEduLoan" finished-at="2022-10-25T13:13:54 IST" duration-ms="1" status="PASS">
          <reporter-output>
          </reporter-output>
        </test-method> <!-- webEduLoan -->
      </class> <!-- loan.EducationLoan -->
    </test> <!-- Education -->
  </suite> <!-- Suite -->
</testng-results>
